<?xml version="1.0" encoding="UTF-8"?>
<!-- Generated by org.testng.reporters.JUnitReportReporter -->
<testsuite hostname="Clairvoyant-554" failures="0" tests="1" name="spotify.oauth2.tests.PlaylistTests" time="1.238" errors="0" timestamp="2023-01-17T18:41:55 IST" skipped="0">
  <testcase classname="spotify.oauth2.tests.PlaylistTests" name="shouldNotBeAbleToCreatePlaylistWithExpiredToken" time="1.238"/>
  <system-out/>
</testsuite> <!-- spotify.oauth2.tests.PlaylistTests -->
